0 info it worked if it ends with ok
1 verbose cli [ '/Users/justinobney/.nvm/versions/node/v5.4.0/bin/node',
1 verbose cli   '/Users/justinobney/.nvm/versions/node/v5.4.0/bin/npm',
1 verbose cli   'start' ]
2 info using npm@3.3.12
3 info using node@v5.4.0
4 verbose run-script [ 'prestart', 'start', 'poststart' ]
5 info lifecycle ionic-project@1.1.1~prestart: ionic-project@1.1.1
6 silly lifecycle ionic-project@1.1.1~prestart: no script for prestart, continuing
7 info lifecycle ionic-project@1.1.1~start: ionic-project@1.1.1
8 verbose lifecycle ionic-project@1.1.1~start: unsafe-perm in lifecycle true
9 verbose lifecycle ionic-project@1.1.1~start: PATH: /Users/justinobney/.nvm/versions/node/v5.4.0/lib/node_modules/npm/bin/node-gyp-bin:/Users/justinobney/dev/ionic-component-es6/node_modules/.bin:/Users/justinobney/.nvm/versions/node/v5.4.0/bin:/usr/local/bin:/usr/bin:/bin:/usr/sbin:/sbin
10 verbose lifecycle ionic-project@1.1.1~start: CWD: /Users/justinobney/dev/ionic-component-es6
11 silly lifecycle ionic-project@1.1.1~start: Args: [ '-c',
11 silly lifecycle   'webpack-dev-server --devtool eval --config webpack.config.js --progress --colors --hot' ]
12 silly lifecycle ionic-project@1.1.1~start: Returned: code: 1  signal: null
13 info lifecycle ionic-project@1.1.1~start: Failed to exec start script
14 verbose stack Error: ionic-project@1.1.1 start: `webpack-dev-server --devtool eval --config webpack.config.js --progress --colors --hot`
14 verbose stack Exit status 1
14 verbose stack     at EventEmitter.<anonymous> (/Users/justinobney/.nvm/versions/node/v5.4.0/lib/node_modules/npm/lib/utils/lifecycle.js:232:16)
14 verbose stack     at emitTwo (events.js:87:13)
14 verbose stack     at EventEmitter.emit (events.js:172:7)
14 verbose stack     at ChildProcess.<anonymous> (/Users/justinobney/.nvm/versions/node/v5.4.0/lib/node_modules/npm/lib/utils/spawn.js:24:14)
14 verbose stack     at emitTwo (events.js:87:13)
14 verbose stack     at ChildProcess.emit (events.js:172:7)
14 verbose stack     at maybeClose (internal/child_process.js:821:16)
14 verbose stack     at Process.ChildProcess._handle.onexit (internal/child_process.js:211:5)
15 verbose pkgid ionic-project@1.1.1
16 verbose cwd /Users/justinobney/dev/ionic-component-es6
17 error Darwin 15.3.0
18 error argv "/Users/justinobney/.nvm/versions/node/v5.4.0/bin/node" "/Users/justinobney/.nvm/versions/node/v5.4.0/bin/npm" "start"
19 error node v5.4.0
20 error npm  v3.3.12
21 error code ELIFECYCLE
22 error ionic-project@1.1.1 start: `webpack-dev-server --devtool eval --config webpack.config.js --progress --colors --hot`
22 error Exit status 1
23 error Failed at the ionic-project@1.1.1 start script 'webpack-dev-server --devtool eval --config webpack.config.js --progress --colors --hot'.
23 error Make sure you have the latest version of node.js and npm installed.
23 error If you do, this is most likely a problem with the ionic-project package,
23 error not with npm itself.
23 error Tell the author that this fails on your system:
23 error     webpack-dev-server --devtool eval --config webpack.config.js --progress --colors --hot
23 error You can get their info via:
23 error     npm owner ls ionic-project
23 error There is likely additional logging output above.
24 verbose exit [ 1, true ]
